<?xml version="1.0" encoding="UTF-8"?>
<!-- Generated by org.testng.reporters.JUnitReportReporter -->
<testsuite skipped="7" hostname="DESKTOP-PH2DJEV" name="Testcasewebpage.SignUp_Testcases" tests="10" failures="0" timestamp="2022-12-07T20:49:57 IST" time="50.884" errors="0">
  <testcase name="Testcase6" time="13.634" classname="Testcasewebpage.SignUp_Testcases"/>
  <system-out/>
  <testcase name="Testcase7" time="20.255" classname="Testcasewebpage.SignUp_Testcases"/>
  <system-out/>
  <testcase name="Testcase8" time="16.995" classname="Testcasewebpage.SignUp_Testcases"/>
  <system-out/>
  <testcase name="Testcase9" classname="Testcasewebpage.SignUp_Testcases">
    <skipped/>
  </testcase> <!-- Testcase9 -->
  <system-out/>
  <testcase name="Testcase10" classname="Testcasewebpage.SignUp_Testcases">
    <skipped/>
  </testcase> <!-- Testcase10 -->
  <system-out/>
  <testcase name="Testcase11" classname="Testcasewebpage.SignUp_Testcases">
    <skipped/>
  </testcase> <!-- Testcase11 -->
  <system-out/>
  <testcase name="Testcase12" classname="Testcasewebpage.SignUp_Testcases">
    <skipped/>
  </testcase> <!-- Testcase12 -->
  <system-out/>
  <testcase name="Testcase13" classname="Testcasewebpage.SignUp_Testcases">
    <skipped/>
  </testcase> <!-- Testcase13 -->
  <system-out/>
  <testcase name="Testcase14" classname="Testcasewebpage.SignUp_Testcases">
    <skipped/>
  </testcase> <!-- Testcase14 -->
  <system-out/>
  <testcase name="Testcase15" classname="Testcasewebpage.SignUp_Testcases">
    <skipped/>
  </testcase> <!-- Testcase15 -->
  <system-out/>
</testsuite> <!-- Testcasewebpage.SignUp_Testcases -->
