<?xml version="1.0" encoding="UTF-8"?>
<!-- Generated by org.testng.reporters.JUnitReportReporter -->
<testsuite skipped="22" hostname="DESKTOP-PH2DJEV" name="Testcasewebpage.Test_Cases" tests="23" failures="0" timestamp="2022-12-04T21:00:51 IST" time="2.929" errors="1">
  <testcase name="Testcase5" time="0.000" classname="Testcasewebpage.Test_Cases">
    <skipped/>
  </testcase> <!-- Testcase5 -->
  <system-out/>
  <testcase name="Testcase5" time="0.000" classname="Testcasewebpage.Test_Cases">
    <skipped/>
  </testcase> <!-- Testcase5 -->
  <system-out/>
  <testcase name="Testcase5" time="0.000" classname="Testcasewebpage.Test_Cases">
    <skipped/>
  </testcase> <!-- Testcase5 -->
  <system-out/>
  <testcase name="serversetup" time="2.928" classname="Testcasewebpage.Test_Cases">
    <error type="org.openqa.selenium.SessionNotCreatedException" message="Could not start a new session. Response code 500. Message: Error forwarding the new session cannot find : Capabilities {browserName: chrome, platform: XP}
Build info: version: &#039;4.0.0&#039;, revision: &#039;3a21814679&#039;
System info: host: &#039;DESKTOP-PH2DJEV&#039;, ip: &#039;192.168.224.25&#039;, os.name: &#039;Windows 10&#039;, os.arch: &#039;amd64&#039;, os.version: &#039;10.0&#039;, java.version: &#039;1.8.0_341&#039;
Driver info: org.openqa.selenium.remote.RemoteWebDriver
Command: [null, newSession {capabilities=[Capabilities {browserName: chrome, platformName: xp}], desiredCapabilities=Capabilities {browserName: chrome, platform: XP}}]
Capabilities {}">
      <![CDATA[org.openqa.selenium.SessionNotCreatedException: Could not start a new session. Response code 500. Message: Error forwarding the new session cannot find : Capabilities {browserName: chrome, platform: XP}
Build info: version: '4.0.0', revision: '3a21814679'
System info: host: 'DESKTOP-PH2DJEV', ip: '192.168.224.25', os.name: 'Windows 10', os.arch: 'amd64', os.version: '10.0', java.version: '1.8.0_341'
Driver info: org.openqa.selenium.remote.RemoteWebDriver
Command: [null, newSession {capabilities=[Capabilities {browserName: chrome, platformName: xp}], desiredCapabilities=Capabilities {browserName: chrome, platform: XP}}]
Capabilities {}
at org.openqa.selenium.remote.ProtocolHandshake.createSession(ProtocolHandshake.java:126)
at org.openqa.selenium.remote.ProtocolHandshake.createSession(ProtocolHandshake.java:84)
at org.openqa.selenium.remote.ProtocolHandshake.createSession(ProtocolHandshake.java:62)
at org.openqa.selenium.remote.HttpCommandExecutor.execute(HttpCommandExecutor.java:156)
at org.openqa.selenium.remote.TracedCommandExecutor.execute(TracedCommandExecutor.java:39)
at org.openqa.selenium.remote.RemoteWebDriver.execute(RemoteWebDriver.java:559)
at org.openqa.selenium.remote.RemoteWebDriver.startSession(RemoteWebDriver.java:246)
at org.openqa.selenium.remote.RemoteWebDriver.<init>(RemoteWebDriver.java:168)
at org.openqa.selenium.remote.RemoteWebDriver.<init>(RemoteWebDriver.java:146)
at Testcasewebpage.Base_Support.serversetup(Base_Support.java:33)
at sun.reflect.NativeMethodAccessorImpl.invoke0(Native Method)
at sun.reflect.NativeMethodAccessorImpl.invoke(Unknown Source)
at sun.reflect.DelegatingMethodAccessorImpl.invoke(Unknown Source)
at java.lang.reflect.Method.invoke(Unknown Source)
at org.testng.internal.MethodInvocationHelper.invokeMethod(MethodInvocationHelper.java:133)
at org.testng.internal.MethodInvocationHelper.invokeMethodConsideringTimeout(MethodInvocationHelper.java:62)
at org.testng.internal.ConfigInvoker.invokeConfigurationMethod(ConfigInvoker.java:385)
at org.testng.internal.ConfigInvoker.invokeConfigurations(ConfigInvoker.java:321)
at org.testng.internal.TestMethodWorker.invokeBeforeClassMethods(TestMethodWorker.java:176)
at org.testng.internal.TestMethodWorker.run(TestMethodWorker.java:122)
at java.util.ArrayList.forEach(Unknown Source)
at org.testng.TestRunner.privateRun(TestRunner.java:794)
at org.testng.TestRunner.run(TestRunner.java:596)
at org.testng.SuiteRunner.runTest(SuiteRunner.java:377)
at org.testng.SuiteRunner.runSequentially(SuiteRunner.java:371)
at org.testng.SuiteRunner.privateRun(SuiteRunner.java:332)
at org.testng.SuiteRunner.run(SuiteRunner.java:276)
at org.testng.SuiteRunnerWorker.runSuite(SuiteRunnerWorker.java:53)
at org.testng.SuiteRunnerWorker.run(SuiteRunnerWorker.java:96)
at org.testng.TestNG.runSuitesSequentially(TestNG.java:1212)
at org.testng.TestNG.runSuitesLocally(TestNG.java:1134)
at org.testng.TestNG.runSuites(TestNG.java:1063)
at org.testng.TestNG.run(TestNG.java:1031)
at org.testng.remote.AbstractRemoteTestNG.run(AbstractRemoteTestNG.java:115)
at org.testng.remote.RemoteTestNG.initAndRun(RemoteTestNG.java:251)
at org.testng.remote.RemoteTestNG.main(RemoteTestNG.java:77)
]]>
    </error>
  </testcase> <!-- serversetup -->
  <system-out/>
  <testcase name="Testcase5" time="0.000" classname="Testcasewebpage.Test_Cases">
    <skipped/>
  </testcase> <!-- Testcase5 -->
  <system-out/>
  <testcase name="Testcase15" time="0.000" classname="Testcasewebpage.Test_Cases">
    <skipped/>
  </testcase> <!-- Testcase15 -->
  <system-out/>
  <testcase name="Testcase16" time="0.000" classname="Testcasewebpage.Test_Cases">
    <skipped/>
  </testcase> <!-- Testcase16 -->
  <system-out/>
  <testcase name="Testcase18" time="0.001" classname="Testcasewebpage.Test_Cases">
    <skipped/>
  </testcase> <!-- Testcase18 -->
  <system-out/>
  <testcase name="Testcase13" classname="Testcasewebpage.Test_Cases">
    <skipped/>
  </testcase> <!-- Testcase13 -->
  <system-out/>
  <testcase name="Testcase14" classname="Testcasewebpage.Test_Cases">
    <skipped/>
  </testcase> <!-- Testcase14 -->
  <system-out/>
  <testcase name="Testcase11" classname="Testcasewebpage.Test_Cases">
    <skipped/>
  </testcase> <!-- Testcase11 -->
  <system-out/>
  <testcase name="Testcase10" classname="Testcasewebpage.Test_Cases">
    <skipped/>
  </testcase> <!-- Testcase10 -->
  <system-out/>
  <testcase name="Testcase1" classname="Testcasewebpage.Test_Cases">
    <skipped/>
  </testcase> <!-- Testcase1 -->
  <system-out/>
  <testcase name="Testcase17" classname="Testcasewebpage.Test_Cases">
    <skipped/>
  </testcase> <!-- Testcase17 -->
  <system-out/>
  <testcase name="Testcase19" classname="Testcasewebpage.Test_Cases">
    <skipped/>
  </testcase> <!-- Testcase19 -->
  <system-out/>
  <testcase name="Testcase9" classname="Testcasewebpage.Test_Cases">
    <skipped/>
  </testcase> <!-- Testcase9 -->
  <system-out/>
  <testcase name="Testcase2" classname="Testcasewebpage.Test_Cases">
    <skipped/>
  </testcase> <!-- Testcase2 -->
  <system-out/>
  <testcase name="Testcase3" classname="Testcasewebpage.Test_Cases">
    <skipped/>
  </testcase> <!-- Testcase3 -->
  <system-out/>
  <testcase name="Testcase4" classname="Testcasewebpage.Test_Cases">
    <skipped/>
  </testcase> <!-- Testcase4 -->
  <system-out/>
  <testcase name="Testcase6" classname="Testcasewebpage.Test_Cases">
    <skipped/>
  </testcase> <!-- Testcase6 -->
  <system-out/>
  <testcase name="Testcase7" classname="Testcasewebpage.Test_Cases">
    <skipped/>
  </testcase> <!-- Testcase7 -->
  <system-out/>
  <testcase name="Testcase8" classname="Testcasewebpage.Test_Cases">
    <skipped/>
  </testcase> <!-- Testcase8 -->
  <system-out/>
  <testcase name="Testcase12" classname="Testcasewebpage.Test_Cases">
    <skipped/>
  </testcase> <!-- Testcase12 -->
  <system-out/>
</testsuite> <!-- Testcasewebpage.Test_Cases -->
