<?xml version="1.0" encoding="UTF-8"?>
<!-- Generated by org.testng.reporters.JUnitReportReporter -->
<testsuite skipped="0" hostname="DESKTOP-PH2DJEV" name="Testcasewebpage.Login_Testcases" tests="1" failures="0" timestamp="2022-12-05T21:14:38 IST" time="73.004" errors="0">
  <testcase name="Testcase5" time="73.004" classname="Testcasewebpage.Login_Testcases"/>
  <system-out/>
</testsuite> <!-- Testcasewebpage.Login_Testcases -->
