<?xml version="1.0" encoding="UTF-8"?>
<!-- Generated by org.testng.reporters.JUnitReportReporter -->
<testsuite skipped="15" hostname="DESKTOP-PH2DJEV" name="Testcasewebpage.Test_Cases" tests="22" failures="0" timestamp="2022-12-02T21:44:45 IST" time="310.714" errors="0">
  <testcase name="Testcase5" time="67.512" classname="Testcasewebpage.Test_Cases"/>
  <system-out/>
  <testcase name="Testcase5" time="74.647" classname="Testcasewebpage.Test_Cases"/>
  <system-out/>
  <testcase name="Testcase5" time="74.895" classname="Testcasewebpage.Test_Cases"/>
  <system-out/>
  <testcase name="Testcase5" time="65.533" classname="Testcasewebpage.Test_Cases"/>
  <system-out/>
  <testcase name="Testcase15" time="12.227" classname="Testcasewebpage.Test_Cases"/>
  <system-out/>
  <testcase name="Testcase16" time="6.066" classname="Testcasewebpage.Test_Cases"/>
  <system-out/>
  <testcase name="Testcase18" time="9.834" classname="Testcasewebpage.Test_Cases"/>
  <system-out/>
  <testcase name="Testcase13" classname="Testcasewebpage.Test_Cases">
    <skipped/>
  </testcase> <!-- Testcase13 -->
  <system-out/>
  <testcase name="Testcase14" classname="Testcasewebpage.Test_Cases">
    <skipped/>
  </testcase> <!-- Testcase14 -->
  <system-out/>
  <testcase name="Testcase11" classname="Testcasewebpage.Test_Cases">
    <skipped/>
  </testcase> <!-- Testcase11 -->
  <system-out/>
  <testcase name="Testcase10" classname="Testcasewebpage.Test_Cases">
    <skipped/>
  </testcase> <!-- Testcase10 -->
  <system-out/>
  <testcase name="Testcase1" classname="Testcasewebpage.Test_Cases">
    <skipped/>
  </testcase> <!-- Testcase1 -->
  <system-out/>
  <testcase name="Testcase17" classname="Testcasewebpage.Test_Cases">
    <skipped/>
  </testcase> <!-- Testcase17 -->
  <system-out/>
  <testcase name="Testcase19" classname="Testcasewebpage.Test_Cases">
    <skipped/>
  </testcase> <!-- Testcase19 -->
  <system-out/>
  <testcase name="Testcase9" classname="Testcasewebpage.Test_Cases">
    <skipped/>
  </testcase> <!-- Testcase9 -->
  <system-out/>
  <testcase name="Testcase2" classname="Testcasewebpage.Test_Cases">
    <skipped/>
  </testcase> <!-- Testcase2 -->
  <system-out/>
  <testcase name="Testcase3" classname="Testcasewebpage.Test_Cases">
    <skipped/>
  </testcase> <!-- Testcase3 -->
  <system-out/>
  <testcase name="Testcase4" classname="Testcasewebpage.Test_Cases">
    <skipped/>
  </testcase> <!-- Testcase4 -->
  <system-out/>
  <testcase name="Testcase6" classname="Testcasewebpage.Test_Cases">
    <skipped/>
  </testcase> <!-- Testcase6 -->
  <system-out/>
  <testcase name="Testcase7" classname="Testcasewebpage.Test_Cases">
    <skipped/>
  </testcase> <!-- Testcase7 -->
  <system-out/>
  <testcase name="Testcase8" classname="Testcasewebpage.Test_Cases">
    <skipped/>
  </testcase> <!-- Testcase8 -->
  <system-out/>
  <testcase name="Testcase12" classname="Testcasewebpage.Test_Cases">
    <skipped/>
  </testcase> <!-- Testcase12 -->
  <system-out/>
</testsuite> <!-- Testcasewebpage.Test_Cases -->
